21:32:45,384 | 			eSldWorks.EstInitialise
21:32:45,384 | 
 
21:32:45,384 | ====================================================================================================
21:32:45,384 | |                                                                                                  |
21:32:45,384 | |                                       SOLIDWORKS DEBUG                                           |
21:32:45,384 | |                                                                                                  |
21:32:45,384 | ====================================================================================================
21:32:45,384 | 
 
21:32:45,384 | 			eSldWorks.Init
21:32:46,725 | EXTERNE ====> 
21:32:46,726 | EXTERNE ====> Gestionnaire de paramètres
21:32:46,726 | EXTERNE ====> 
21:32:46,726 | 			eSldWorks.Modele
21:32:46,726 | 				-> Document actif
21:32:46,726 | 			eModele.Init
21:32:46,726 | 			eSldWorks.EstInitialise
21:32:46,726 | 				-> E:\0_MFB\Projet\36 - Metal Espace\71 - Escalier helicoidal\PF01.SLDPRT
21:32:46,726 | 			eFichierSW.Init
21:32:46,726 | 			eSldWorks.EstInitialise
21:32:46,726 | 			eModele.TypeDuModele
21:32:46,726 | 			eModele.TypeDuModele
21:32:46,726 | 				-> Referencement de la configuration
21:32:46,726 | 				-> Referencement du composant
21:32:46,726 | 			eComposant.Init
21:32:46,726 | 			eModele.EstInitialise
21:32:46,726 | 			eModele.SwModele
21:32:46,726 | 				-> La Config "0"n'existe pas, nouveau nom : NomConfig = 0
21:32:46,726 | 			eModele.SwModele
21:32:46,726 | 			eConfiguration.Init
21:32:46,726 | 			eModele.EstInitialise
21:32:46,726 | 			eConfiguration.MajPID
21:32:46,726 | 			eConfiguration.Modele
21:32:46,726 | 			eModele.SwModele
21:32:46,727 | 			eConfiguration.Nom
21:32:46,727 | 			eConfiguration.SwConfiguration
21:32:46,727 | 			eConfiguration.Modele
21:32:46,727 | 			eModele.SwModele
21:32:46,727 | 				-> PID Erreur : 0
21:32:46,727 | 				-> 0
21:32:46,727 | 			eConfiguration.EstInitialise
21:32:46,727 | 			eComposant.Modele
21:32:46,727 | 			eModele.FichierSw
21:32:46,727 | 			eModele.Composant
21:32:46,727 | 			eModele.Composant
21:32:46,727 | 			eComposant.Nb
21:32:46,727 | 			eModele.Composant
21:32:46,727 | 			eComposant.SwComposant
21:32:46,727 | 			eModele.GestDeConfigurations
21:32:46,727 | 			eGestDeConfigurations.Init
21:32:46,727 | 			eModele.EstInitialise
21:32:46,727 | 			eGestDeConfigurations.ConfigurationActive
21:32:46,727 | 			eModele.SwModele
21:32:46,727 | 			eConfiguration.Init
21:32:46,727 | 			eModele.EstInitialise
21:32:46,727 | 			eConfiguration.MajPID
21:32:46,727 | 			eConfiguration.Modele
21:32:46,727 | 			eModele.SwModele
21:32:46,727 | 			eConfiguration.Nom
21:32:46,727 | 			eConfiguration.SwConfiguration
21:32:46,727 | 			eConfiguration.Modele
21:32:46,727 | 			eModele.SwModele
21:32:46,727 | 				-> PID Erreur : 0
21:32:46,727 | 				-> 0
21:32:46,727 | 			eConfiguration.Nom
21:32:46,727 | 			eConfiguration.SwConfiguration
21:32:46,727 | 			eConfiguration.Modele
21:32:46,727 | 			eModele.SwModele
21:32:46,727 | 				-> PID Erreur : 0
21:32:46,727 | 				-> E:\0_MFB\Projet\36 - Metal Espace\71 - Escalier helicoidal\PF01.SLDPRT
21:32:46,727 | 			eModele.EstInitialise
21:32:46,727 | 			eModele.TypeDuModele
21:32:46,727 | 			eModele.SW
21:32:46,727 | 			eSldWorks.SwSW
21:32:46,729 | 			eModele.FichierSw
21:32:46,729 | 			eModele.Composant
21:32:46,729 | 			eModele.Composant
21:32:46,729 | 			eComposant.Nb
21:32:46,729 | 			eModele.Composant
21:32:46,729 | 			eComposant.SwComposant
21:32:46,729 | 			eModele.GestDeConfigurations
21:32:46,729 | 			eGestDeConfigurations.Init
21:32:46,729 | 			eModele.EstInitialise
21:32:46,729 | 			eGestDeConfigurations.ConfigurationActive
21:32:46,729 | 			eModele.SwModele
21:32:46,729 | 			eConfiguration.Init
21:32:46,729 | 			eModele.EstInitialise
21:32:46,729 | 			eConfiguration.MajPID
21:32:46,729 | 			eConfiguration.Modele
21:32:46,729 | 			eModele.SwModele
21:32:46,729 | 			eConfiguration.Nom
21:32:46,729 | 			eConfiguration.SwConfiguration
21:32:46,729 | 			eConfiguration.Modele
21:32:46,729 | 			eModele.SwModele
21:32:46,729 | 				-> PID Erreur : 0
21:32:46,729 | 				-> 0
21:32:46,729 | 			eConfiguration.Nom
21:32:46,729 | 			eConfiguration.SwConfiguration
21:32:46,729 | 			eConfiguration.Modele
21:32:46,729 | 			eModele.SwModele
21:32:46,729 | 				-> PID Erreur : 0
21:32:46,730 | 			eFichierSW.NomDuDossier
21:33:03,820 | 			eModele.GestDeSelection
21:33:03,820 | 			eModele.SwModele
21:33:03,835 | 			eGestDeSelection.Init
21:33:03,835 | 			eModele.EstInitialise
21:33:03,835 | 			eGestDeSelection.EstInitialise
21:33:03,835 | 			eGestDeSelection.NbObjetsSelectionnes
21:33:03,835 | 			eSldWorks.ModeleEnCoursEdition
21:33:03,835 | 			eSldWorks.Modele
21:33:03,835 | 				-> Document actif
21:33:03,835 | 			eModele.Init
21:33:03,835 | 			eSldWorks.EstInitialise
21:33:03,835 | 				-> E:\0_MFB\Projet\36 - Metal Espace\71 - Escalier helicoidal\PF01.SLDPRT
21:33:03,835 | 			eFichierSW.Init
21:33:03,835 | 			eSldWorks.EstInitialise
21:33:03,835 | 			eModele.TypeDuModele
21:33:03,835 | 			eModele.TypeDuModele
21:33:03,835 | 				-> Referencement de la configuration
21:33:03,835 | 				-> Referencement du composant
21:33:03,835 | 			eComposant.Init
21:33:03,835 | 			eModele.EstInitialise
21:33:03,835 | 			eModele.SwModele
21:33:03,835 | 				-> La Config "0"n'existe pas, nouveau nom : NomConfig = 0
21:33:03,835 | 			eModele.SwModele
21:33:03,835 | 			eConfiguration.Init
21:33:03,835 | 			eModele.EstInitialise
21:33:03,835 | 			eConfiguration.MajPID
21:33:03,835 | 			eConfiguration.Modele
21:33:03,835 | 			eModele.SwModele
21:33:03,835 | 			eConfiguration.Nom
21:33:03,835 | 			eConfiguration.SwConfiguration
21:33:03,835 | 			eConfiguration.Modele
21:33:03,835 | 			eModele.SwModele
21:33:03,835 | 				-> PID Erreur : 0
21:33:03,835 | 				-> 0
21:33:03,835 | 			eConfiguration.EstInitialise
21:33:03,835 | 			eComposant.Modele
21:33:03,835 | 			eModele.FichierSw
21:33:03,835 | 			eModele.Composant
21:33:03,835 | 			eModele.Composant
21:33:03,835 | 			eComposant.Nb
21:33:03,835 | 			eModele.Composant
21:33:03,835 | 			eComposant.SwComposant
21:33:03,835 | 			eModele.GestDeConfigurations
21:33:03,835 | 			eGestDeConfigurations.Init
21:33:03,835 | 			eModele.EstInitialise
21:33:03,835 | 			eGestDeConfigurations.ConfigurationActive
21:33:03,835 | 			eModele.SwModele
21:33:03,835 | 			eConfiguration.Init
21:33:03,835 | 			eModele.EstInitialise
21:33:03,835 | 			eConfiguration.MajPID
21:33:03,835 | 			eConfiguration.Modele
21:33:03,835 | 			eModele.SwModele
21:33:03,835 | 			eConfiguration.Nom
21:33:03,835 | 			eConfiguration.SwConfiguration
21:33:03,835 | 			eConfiguration.Modele
21:33:03,835 | 			eModele.SwModele
21:33:03,835 | 				-> PID Erreur : 0
21:33:03,835 | 				-> 0
21:33:03,835 | 			eConfiguration.Nom
21:33:03,835 | 			eConfiguration.SwConfiguration
21:33:03,835 | 			eConfiguration.Modele
21:33:03,835 | 			eModele.SwModele
21:33:03,835 | 				-> PID Erreur : 0
21:33:03,835 | 				-> E:\0_MFB\Projet\36 - Metal Espace\71 - Escalier helicoidal\PF01.SLDPRT
21:33:03,835 | 			eModele.EstInitialise
21:33:03,835 | 			eModele.EstInitialise
21:33:03,835 | 			eModele.TypeDuModele
21:33:03,835 | 			eModele.Composant
21:33:03,835 | 			eComposant.Modele
21:33:03,835 | 			eModele.GestDeProprietes
21:33:03,835 | 			eModele.SwModele
21:33:03,835 | 			eGestDeProprietes.Init
21:33:03,835 | 			eModele.EstInitialise
21:33:03,835 | 			eGestDeProprietes.AjouterPropriete
21:33:03,835 | 			eGestDeProprietes.RecupererPropriete
21:33:03,835 | 			ePropriete.Init
21:33:03,835 | 			eGestDeProprietes.EstInitialise
21:33:03,835 | 			eGestDeProprietes.SwGestDeProprietes
21:33:03,835 | 			eGestDeProprietes.SwGestDeProprietes
21:33:03,851 | 				-> !!!!! Erreur d'initialisation
21:33:03,851 | 			ePropriete.Init
21:33:03,851 | 			eGestDeProprietes.EstInitialise
21:33:03,851 | 			eGestDeProprietes.SwGestDeProprietes
21:33:03,851 | 			eGestDeProprietes.SwGestDeProprietes
21:33:03,851 | 			ePropriete.Nom
21:33:03,851 | 				-> 
21:33:03,851 | 			ePropriete.EstInitialise
21:33:36,345 | 			eSldWorks.EstInitialise
21:33:36,345 | 			eSldWorks.Init
21:33:37,486 | EXTERNE ====> 
21:33:37,486 | EXTERNE ====> Gestionnaire de paramètres
21:33:37,486 | EXTERNE ====> 
21:33:37,486 | 			eSldWorks.Modele
21:33:37,486 | 				-> Document actif
21:33:37,486 | 			eModele.Init
21:33:37,486 | 			eSldWorks.EstInitialise
21:33:37,486 | 				-> E:\0_MFB\Projet\36 - Metal Espace\71 - Escalier helicoidal\PM01.SLDPRT
21:33:37,486 | 			eFichierSW.Init
21:33:37,486 | 			eSldWorks.EstInitialise
21:33:37,486 | 			eModele.TypeDuModele
21:33:37,486 | 			eModele.TypeDuModele
21:33:37,486 | 				-> Referencement de la configuration
21:33:37,486 | 				-> Referencement du composant
21:33:37,486 | 			eComposant.Init
21:33:37,486 | 			eModele.EstInitialise
21:33:37,486 | 			eModele.SwModele
21:33:37,486 | 				-> La Config "0"n'existe pas, nouveau nom : NomConfig = 0
21:33:37,486 | 			eModele.SwModele
21:33:37,486 | 			eConfiguration.Init
21:33:37,486 | 			eModele.EstInitialise
21:33:37,486 | 			eConfiguration.MajPID
21:33:37,486 | 			eConfiguration.Modele
21:33:37,487 | 			eModele.SwModele
21:33:37,487 | 			eConfiguration.Nom
21:33:37,487 | 			eConfiguration.SwConfiguration
21:33:37,487 | 			eConfiguration.Modele
21:33:37,487 | 			eModele.SwModele
21:33:37,487 | 				-> PID Erreur : 0
21:33:37,487 | 				-> 0
21:33:37,487 | 			eConfiguration.EstInitialise
21:33:37,487 | 			eComposant.Modele
21:33:37,487 | 			eModele.FichierSw
21:33:37,487 | 			eModele.Composant
21:33:37,487 | 			eModele.Composant
21:33:37,487 | 			eComposant.Nb
21:33:37,487 | 			eModele.Composant
21:33:37,487 | 			eComposant.SwComposant
21:33:37,487 | 			eModele.GestDeConfigurations
21:33:37,487 | 			eGestDeConfigurations.Init
21:33:37,487 | 			eModele.EstInitialise
21:33:37,487 | 			eGestDeConfigurations.ConfigurationActive
21:33:37,487 | 			eModele.SwModele
21:33:37,487 | 			eConfiguration.Init
21:33:37,487 | 			eModele.EstInitialise
21:33:37,487 | 			eConfiguration.MajPID
21:33:37,487 | 			eConfiguration.Modele
21:33:37,487 | 			eModele.SwModele
21:33:37,487 | 			eConfiguration.Nom
21:33:37,487 | 			eConfiguration.SwConfiguration
21:33:37,487 | 			eConfiguration.Modele
21:33:37,487 | 			eModele.SwModele
21:33:37,487 | 				-> PID Erreur : 0
21:33:37,487 | 				-> 10
21:33:37,487 | 			eConfiguration.Nom
21:33:37,487 | 			eConfiguration.SwConfiguration
21:33:37,487 | 			eConfiguration.Modele
21:33:37,487 | 			eModele.SwModele
21:33:37,487 | 				-> PID Erreur : 0
21:33:37,487 | 				-> E:\0_MFB\Projet\36 - Metal Espace\71 - Escalier helicoidal\PM01.SLDPRT
21:33:37,487 | 			eModele.EstInitialise
21:33:37,487 | 			eModele.TypeDuModele
21:33:37,487 | 			eModele.SW
21:33:37,487 | 			eSldWorks.SwSW
21:33:37,487 | 			eModele.FichierSw
21:33:37,487 | 			eModele.Composant
21:33:37,487 | 			eModele.Composant
21:33:37,487 | 			eComposant.Nb
21:33:37,487 | 			eModele.Composant
21:33:37,487 | 			eComposant.SwComposant
21:33:37,487 | 			eModele.GestDeConfigurations
21:33:37,487 | 			eGestDeConfigurations.Init
21:33:37,487 | 			eModele.EstInitialise
21:33:37,487 | 			eGestDeConfigurations.ConfigurationActive
21:33:37,487 | 			eModele.SwModele
21:33:37,487 | 			eConfiguration.Init
21:33:37,487 | 			eModele.EstInitialise
21:33:37,487 | 			eConfiguration.MajPID
21:33:37,487 | 			eConfiguration.Modele
21:33:37,487 | 			eModele.SwModele
21:33:37,487 | 			eConfiguration.Nom
21:33:37,487 | 			eConfiguration.SwConfiguration
21:33:37,487 | 			eConfiguration.Modele
21:33:37,487 | 			eModele.SwModele
21:33:37,487 | 				-> PID Erreur : 0
21:33:37,487 | 				-> 10
21:33:37,487 | 			eConfiguration.Nom
21:33:37,487 | 			eConfiguration.SwConfiguration
21:33:37,488 | 			eConfiguration.Modele
21:33:37,488 | 			eModele.SwModele
21:33:37,488 | 				-> PID Erreur : 0
21:33:37,488 | 			eFichierSW.NomDuDossier
21:33:41,721 | 			eModele.GestDeSelection
21:33:41,721 | 			eModele.SwModele
21:33:41,721 | 			eGestDeSelection.Init
21:33:41,721 | 			eModele.EstInitialise
21:33:41,721 | 			eGestDeSelection.EstInitialise
21:33:41,721 | 			eGestDeSelection.NbObjetsSelectionnes
21:33:41,721 | 			eSldWorks.ModeleEnCoursEdition
21:33:41,721 | 			eSldWorks.Modele
21:33:41,721 | 				-> Document actif
21:33:41,721 | 			eModele.Init
21:33:41,721 | 			eSldWorks.EstInitialise
21:33:41,721 | 				-> E:\0_MFB\Projet\36 - Metal Espace\71 - Escalier helicoidal\PM01.SLDPRT
21:33:41,721 | 			eFichierSW.Init
21:33:41,721 | 			eSldWorks.EstInitialise
21:33:41,721 | 			eModele.TypeDuModele
21:33:41,721 | 			eModele.TypeDuModele
21:33:41,721 | 				-> Referencement de la configuration
21:33:41,736 | 				-> Referencement du composant
21:33:41,736 | 			eComposant.Init
21:33:41,736 | 			eModele.EstInitialise
21:33:41,736 | 			eModele.SwModele
21:33:41,736 | 				-> La Config "0"n'existe pas, nouveau nom : NomConfig = 0
21:33:41,736 | 			eModele.SwModele
21:33:41,736 | 			eConfiguration.Init
21:33:41,736 | 			eModele.EstInitialise
21:33:41,736 | 			eConfiguration.MajPID
21:33:41,736 | 			eConfiguration.Modele
21:33:41,736 | 			eModele.SwModele
21:33:41,736 | 			eConfiguration.Nom
21:33:41,736 | 			eConfiguration.SwConfiguration
21:33:41,736 | 			eConfiguration.Modele
21:33:41,736 | 			eModele.SwModele
21:33:41,736 | 				-> PID Erreur : 0
21:33:41,736 | 				-> 0
21:33:41,736 | 			eConfiguration.EstInitialise
21:33:41,736 | 			eComposant.Modele
21:33:41,736 | 			eModele.FichierSw
21:33:41,736 | 			eModele.Composant
21:33:41,736 | 			eModele.Composant
21:33:41,736 | 			eComposant.Nb
21:33:41,736 | 			eModele.Composant
21:33:41,736 | 			eComposant.SwComposant
21:33:41,736 | 			eModele.GestDeConfigurations
21:33:41,736 | 			eGestDeConfigurations.Init
21:33:41,736 | 			eModele.EstInitialise
21:33:41,736 | 			eGestDeConfigurations.ConfigurationActive
21:33:41,736 | 			eModele.SwModele
21:33:41,736 | 			eConfiguration.Init
21:33:41,736 | 			eModele.EstInitialise
21:33:41,736 | 			eConfiguration.MajPID
21:33:41,736 | 			eConfiguration.Modele
21:33:41,736 | 			eModele.SwModele
21:33:41,736 | 			eConfiguration.Nom
21:33:41,736 | 			eConfiguration.SwConfiguration
21:33:41,736 | 			eConfiguration.Modele
21:33:41,736 | 			eModele.SwModele
21:33:41,736 | 				-> PID Erreur : 0
21:33:41,736 | 				-> 10
21:33:41,736 | 			eConfiguration.Nom
21:33:41,736 | 			eConfiguration.SwConfiguration
21:33:41,736 | 			eConfiguration.Modele
21:33:41,736 | 			eModele.SwModele
21:33:41,736 | 				-> PID Erreur : 0
21:33:41,736 | 				-> E:\0_MFB\Projet\36 - Metal Espace\71 - Escalier helicoidal\PM01.SLDPRT
21:33:41,736 | 			eModele.EstInitialise
21:33:41,736 | 			eModele.EstInitialise
21:33:41,736 | 			eModele.TypeDuModele
21:33:41,736 | 			eModele.Composant
21:33:41,736 | 			eComposant.Modele
21:33:41,736 | 			eModele.GestDeProprietes
21:33:41,736 | 			eModele.SwModele
21:33:41,736 | 			eGestDeProprietes.Init
21:33:41,736 | 			eModele.EstInitialise
21:33:41,736 | 			eGestDeProprietes.AjouterPropriete
21:33:41,736 | 			eGestDeProprietes.RecupererPropriete
21:33:41,736 | 			ePropriete.Init
21:33:41,736 | 			eGestDeProprietes.EstInitialise
21:33:41,736 | 			eGestDeProprietes.SwGestDeProprietes
21:33:41,736 | 			eGestDeProprietes.SwGestDeProprietes
21:33:41,736 | 				-> !!!!! Erreur d'initialisation
21:33:41,736 | 			ePropriete.Init
21:33:41,736 | 			eGestDeProprietes.EstInitialise
21:33:41,736 | 			eGestDeProprietes.SwGestDeProprietes
21:33:41,736 | 			eGestDeProprietes.SwGestDeProprietes
21:33:41,736 | 			ePropriete.Nom
21:33:41,736 | 				-> 
21:33:41,736 | 			ePropriete.EstInitialise
21:35:23,406 | 			eSldWorks.EstInitialise
21:35:23,406 | 			eSldWorks.Init
21:35:24,823 | EXTERNE ====> 
21:35:24,823 | EXTERNE ====> Supprimer les configurations développées
21:35:24,823 | EXTERNE ====> 
21:35:24,823 | 			eSldWorks.Modele
21:35:24,823 | 				-> Document actif
21:35:24,823 | 			eModele.Init
21:35:24,823 | 			eSldWorks.EstInitialise
21:35:24,823 | 				-> E:\0_MFB\Projet\36 - Metal Espace\71 - Escalier helicoidal\PM01.SLDPRT
21:35:24,823 | 			eFichierSW.Init
21:35:24,823 | 			eSldWorks.EstInitialise
21:35:24,823 | 			eModele.TypeDuModele
21:35:24,823 | 			eModele.TypeDuModele
21:35:24,823 | 				-> Referencement de la configuration
21:35:24,823 | 				-> Referencement du composant
21:35:24,823 | 			eComposant.Init
21:35:24,823 | 			eModele.EstInitialise
21:35:24,823 | 			eModele.SwModele
21:35:24,823 | 				-> La Config "0"n'existe pas, nouveau nom : NomConfig = 0
21:35:24,823 | 			eModele.SwModele
21:35:24,823 | 			eConfiguration.Init
21:35:24,823 | 			eModele.EstInitialise
21:35:24,823 | 			eConfiguration.MajPID
21:35:24,823 | 			eConfiguration.Modele
21:35:24,823 | 			eModele.SwModele
21:35:24,824 | 			eConfiguration.Nom
21:35:24,824 | 			eConfiguration.SwConfiguration
21:35:24,824 | 			eConfiguration.Modele
21:35:24,824 | 			eModele.SwModele
21:35:24,824 | 				-> PID Erreur : 0
21:35:24,824 | 				-> 0
21:35:24,824 | 			eConfiguration.EstInitialise
21:35:24,824 | 			eComposant.Modele
21:35:24,824 | 			eModele.FichierSw
21:35:24,824 | 			eModele.Composant
21:35:24,824 | 			eModele.Composant
21:35:24,824 | 			eComposant.Nb
21:35:24,824 | 			eModele.Composant
21:35:24,824 | 			eComposant.SwComposant
21:35:24,824 | 			eModele.GestDeConfigurations
21:35:24,824 | 			eGestDeConfigurations.Init
21:35:24,824 | 			eModele.EstInitialise
21:35:24,824 | 			eGestDeConfigurations.ConfigurationActive
21:35:24,824 | 			eModele.SwModele
21:35:24,824 | 			eConfiguration.Init
21:35:24,824 | 			eModele.EstInitialise
21:35:24,824 | 			eConfiguration.MajPID
21:35:24,824 | 			eConfiguration.Modele
21:35:24,824 | 			eModele.SwModele
21:35:24,824 | 			eConfiguration.Nom
21:35:24,824 | 			eConfiguration.SwConfiguration
21:35:24,824 | 			eConfiguration.Modele
21:35:24,824 | 			eModele.SwModele
21:35:24,824 | 				-> PID Erreur : 0
21:35:24,824 | 				-> 0
21:35:24,824 | 			eConfiguration.Nom
21:35:24,824 | 			eConfiguration.SwConfiguration
21:35:24,824 | 			eConfiguration.Modele
21:35:24,824 | 			eModele.SwModele
21:35:24,824 | 				-> PID Erreur : 0
21:35:24,824 | 				-> E:\0_MFB\Projet\36 - Metal Espace\71 - Escalier helicoidal\PM01.SLDPRT
21:35:24,824 | 			eModele.EstInitialise
21:35:24,824 | 			eModele.TypeDuModele
21:35:24,824 | 			eModele.Composant
21:35:24,825 | 			eComposant.NouvelleRecherche
21:35:24,825 | 			eRecherche.Init
21:35:24,825 | 			eComposant.EstInitialise
21:35:24,826 | 			eRecherche.RenvoyerComposantRacine
21:35:24,829 | 			eRecherche.ListeComposants
21:35:24,829 | 			eComposant.Modele
21:35:24,829 | 			eModele.TypeDuModele
21:35:24,829 | 			eRecherche.NomCle
21:35:24,830 | 			eComposant.EstInitialise
21:35:24,830 | 			eComposant.Modele
21:35:24,830 | 			eModele.FichierSw
21:35:24,830 | 			eModele.Composant
21:35:24,830 | 			eModele.Composant
21:35:24,830 | 			eComposant.Nb
21:35:24,830 | 			eModele.Composant
21:35:24,830 | 			eComposant.SwComposant
21:35:24,830 | 			eModele.GestDeConfigurations
21:35:24,830 | 			eGestDeConfigurations.Init
21:35:24,830 | 			eModele.EstInitialise
21:35:24,830 | 			eGestDeConfigurations.ConfigurationActive
21:35:24,830 | 			eModele.SwModele
21:35:24,830 | 			eConfiguration.Init
21:35:24,830 | 			eModele.EstInitialise
21:35:24,830 | 			eConfiguration.MajPID
21:35:24,830 | 			eConfiguration.Modele
21:35:24,830 | 			eModele.SwModele
21:35:24,830 | 			eConfiguration.Nom
21:35:24,830 | 			eConfiguration.SwConfiguration
21:35:24,830 | 			eConfiguration.Modele
21:35:24,830 | 			eModele.SwModele
21:35:24,830 | 				-> PID Erreur : 0
21:35:24,830 | 				-> 0
21:35:24,830 | 			eConfiguration.Nom
21:35:24,830 | 			eConfiguration.SwConfiguration
21:35:24,830 | 			eConfiguration.Modele
21:35:24,830 | 			eModele.SwModele
21:35:24,830 | 				-> PID Erreur : 0
21:35:24,830 | 			eComposant.Configuration
21:35:24,830 | 			eConfiguration.Nom
21:35:24,830 | 			eConfiguration.SwConfiguration
21:35:24,830 | 			eConfiguration.Modele
21:35:24,830 | 			eModele.SwModele
21:35:24,830 | 				-> PID Erreur : 0
21:35:24,830 | 			eComposant.Modele
21:35:24,830 | 			eModele.TypeDuModele
21:35:24,848 | 			eComposant.Modele
21:35:24,849 | 			eModele.GestDeConfigurations
21:35:24,849 | 			eGestDeConfigurations.Init
21:35:24,849 | 			eModele.EstInitialise
21:35:24,849 | 			eGestDeConfigurations.SupprimerLesConfigurationsDepliee
21:35:24,850 | 			eGestDeConfigurations.ConfigurationActive
21:35:24,850 | 			eModele.SwModele
21:35:24,850 | 			eConfiguration.Init
21:35:24,850 | 			eModele.EstInitialise
21:35:24,850 | 			eConfiguration.MajPID
21:35:24,850 | 			eConfiguration.Modele
21:35:24,850 | 			eModele.SwModele
21:35:24,850 | 			eConfiguration.Nom
21:35:24,850 | 			eConfiguration.SwConfiguration
21:35:24,850 | 			eConfiguration.Modele
21:35:24,850 | 			eModele.SwModele
21:35:24,850 | 				-> PID Erreur : 0
21:35:24,850 | 				-> 0
21:35:24,850 | 			eConfiguration.ConfigurationRacine
21:35:24,851 | 			eConfiguration.Est
21:35:24,852 | 			eConfiguration.TypeConfig
21:35:24,852 | 			eConfiguration.SwConfiguration
21:35:24,852 | 			eConfiguration.Modele
21:35:24,853 | 			eModele.SwModele
21:35:24,853 | 				-> PID Erreur : 0
21:35:24,855 | 			eConfiguration.SwConfiguration
21:35:24,855 | 			eConfiguration.Modele
21:35:24,855 | 			eModele.SwModele
21:35:24,855 | 				-> PID Erreur : 0
21:35:24,855 | 			eConfiguration.SwConfiguration
21:35:24,855 | 			eConfiguration.Modele
21:35:24,855 | 			eModele.SwModele
21:35:24,855 | 				-> PID Erreur : 0
21:35:24,856 | 			eConfiguration.Activer
21:35:24,856 | 			eModele.SwModele
21:35:24,882 | 			eConfiguration.Nom
21:35:24,882 | 			eConfiguration.SwConfiguration
21:35:24,882 | 			eConfiguration.Modele
21:35:24,882 | 			eModele.SwModele
21:35:24,882 | 				-> PID Erreur : 0
21:35:24,960 | 			eGestDeConfigurations.ListerLesConfigs
21:35:24,960 | 			eModele.SwModele
21:35:24,963 | 			eGestDeConfigurations.ConfigurationAvecLeNom
21:35:24,963 | 			eModele.SwModele
21:35:24,964 | 			eConfiguration.Init
21:35:24,964 | 			eModele.EstInitialise
21:35:24,964 | 			eConfiguration.MajPID
21:35:24,964 | 			eConfiguration.Modele
21:35:24,964 | 			eModele.SwModele
21:35:24,964 | 			eConfiguration.Nom
21:35:24,964 | 			eConfiguration.SwConfiguration
21:35:24,964 | 			eConfiguration.Modele
21:35:24,964 | 			eModele.SwModele
21:35:24,964 | 				-> PID Erreur : 0
21:35:24,964 | 				-> 0
21:35:24,964 | 			eConfiguration.ConfigurationParent
21:35:24,964 | 			eConfiguration.SwConfiguration
21:35:24,964 | 			eConfiguration.Modele
21:35:24,964 | 			eModele.SwModele
21:35:24,964 | 				-> PID Erreur : 0
21:35:24,964 | 			eConfiguration.Est
21:35:24,964 | 			eConfiguration.TypeConfig
21:35:24,964 | 			eConfiguration.SwConfiguration
21:35:24,964 | 			eConfiguration.Modele
21:35:24,964 | 			eModele.SwModele
21:35:24,964 | 				-> PID Erreur : 0
21:35:24,964 | 			eConfiguration.SwConfiguration
21:35:24,964 | 			eConfiguration.Modele
21:35:24,964 | 			eModele.SwModele
21:35:24,964 | 				-> PID Erreur : 0
21:35:24,964 | 			eConfiguration.SwConfiguration
21:35:24,964 | 			eConfiguration.Modele
21:35:24,964 | 			eModele.SwModele
21:35:24,964 | 				-> PID Erreur : 0
21:35:24,964 | 			eGestDeConfigurations.ConfigurationAvecLeNom
21:35:24,964 | 			eModele.SwModele
21:35:24,964 | 			eConfiguration.Init
21:35:24,964 | 			eModele.EstInitialise
21:35:24,964 | 			eConfiguration.MajPID
21:35:24,964 | 			eConfiguration.Modele
21:35:24,964 | 			eModele.SwModele
21:35:24,965 | 			eConfiguration.Nom
21:35:24,965 | 			eConfiguration.SwConfiguration
21:35:24,965 | 			eConfiguration.Modele
21:35:24,965 | 			eModele.SwModele
21:35:24,965 | 				-> PID Erreur : 2
21:35:24,965 | 				-> 1
21:35:24,965 | 			eConfiguration.ConfigurationParent
21:35:24,965 | 			eConfiguration.SwConfiguration
21:35:24,965 | 			eConfiguration.Modele
21:35:24,965 | 			eModele.SwModele
21:35:24,965 | 				-> PID Erreur : 0
21:35:24,965 | 			eConfiguration.Est
21:35:24,965 | 			eConfiguration.TypeConfig
21:35:24,965 | 			eConfiguration.SwConfiguration
21:35:24,965 | 			eConfiguration.Modele
21:35:24,965 | 			eModele.SwModele
21:35:24,965 | 				-> PID Erreur : 0
21:35:24,965 | 			eConfiguration.SwConfiguration
21:35:24,965 | 			eConfiguration.Modele
21:35:24,965 | 			eModele.SwModele
21:35:24,965 | 				-> PID Erreur : 0
21:35:24,965 | 			eConfiguration.SwConfiguration
21:35:24,965 | 			eConfiguration.Modele
21:35:24,965 | 			eModele.SwModele
21:35:24,965 | 				-> PID Erreur : 0
21:35:24,965 | 			eGestDeConfigurations.ConfigurationAvecLeNom
21:35:24,965 | 			eModele.SwModele
21:35:24,965 | 			eConfiguration.Init
21:35:24,965 | 			eModele.EstInitialise
21:35:24,965 | 			eConfiguration.MajPID
21:35:24,965 | 			eConfiguration.Modele
21:35:24,965 | 			eModele.SwModele
21:35:24,965 | 			eConfiguration.Nom
21:35:24,965 | 			eConfiguration.SwConfiguration
21:35:24,965 | 			eConfiguration.Modele
21:35:24,965 | 			eModele.SwModele
21:35:24,965 | 				-> PID Erreur : 2
21:35:24,965 | 				-> 1SM-FLAT-PATTERN1
21:35:24,965 | 			eConfiguration.ConfigurationParent
21:35:24,965 | 			eConfiguration.SwConfiguration
21:35:24,965 | 			eConfiguration.Modele
21:35:24,965 | 			eModele.SwModele
21:35:24,965 | 				-> PID Erreur : 0
21:35:24,965 | 			eConfiguration.SwConfiguration
21:35:24,965 | 			eConfiguration.Modele
21:35:24,965 | 			eModele.SwModele
21:35:24,965 | 				-> PID Erreur : 0
21:35:24,965 | 			eConfiguration.Init
21:35:24,965 | 			eModele.EstInitialise
21:35:24,965 | 			eConfiguration.MajPID
21:35:24,965 | 			eConfiguration.Modele
21:35:24,965 | 			eModele.SwModele
21:35:24,965 | 			eConfiguration.Nom
21:35:24,965 | 			eConfiguration.SwConfiguration
21:35:24,965 | 			eConfiguration.Modele
21:35:24,965 | 			eModele.SwModele
21:35:24,965 | 				-> PID Erreur : 0
21:35:24,965 | 				-> 1
21:35:24,965 | 			eConfiguration.Nom
21:35:24,965 | 			eConfiguration.SwConfiguration
21:35:24,965 | 			eConfiguration.Modele
21:35:24,965 | 			eModele.SwModele
21:35:24,965 | 				-> PID Erreur : 0
21:35:24,965 | 			eConfiguration.Est
21:35:24,965 | 			eConfiguration.TypeConfig
21:35:24,965 | 			eConfiguration.SwConfiguration
21:35:24,965 | 			eConfiguration.Modele
21:35:24,965 | 			eModele.SwModele
21:35:24,965 | 				-> PID Erreur : 0
21:35:24,965 | 			eConfiguration.SwConfiguration
21:35:24,965 | 			eConfiguration.Modele
21:35:24,965 | 			eModele.SwModele
21:35:24,965 | 				-> PID Erreur : 0
21:35:24,965 | 			eGestDeConfigurations.ConfigurationAvecLeNom
21:35:24,965 | 			eModele.SwModele
21:35:24,965 | 			eConfiguration.Init
21:35:24,965 | 			eModele.EstInitialise
21:35:24,965 | 			eConfiguration.MajPID
21:35:24,965 | 			eConfiguration.Modele
21:35:24,965 | 			eModele.SwModele
21:35:24,966 | 			eConfiguration.Nom
21:35:24,966 | 			eConfiguration.SwConfiguration
21:35:24,966 | 			eConfiguration.Modele
21:35:24,966 | 			eModele.SwModele
21:35:24,966 | 				-> PID Erreur : 2
21:35:24,966 | 				-> 1SM-FLAT-PATTERN2
21:35:24,966 | 			eConfiguration.ConfigurationParent
21:35:24,966 | 			eConfiguration.SwConfiguration
21:35:24,966 | 			eConfiguration.Modele
21:35:24,966 | 			eModele.SwModele
21:35:24,966 | 				-> PID Erreur : 0
21:35:24,966 | 			eConfiguration.SwConfiguration
21:35:24,966 | 			eConfiguration.Modele
21:35:24,966 | 			eModele.SwModele
21:35:24,966 | 				-> PID Erreur : 0
21:35:24,966 | 			eConfiguration.Init
21:35:24,966 | 			eModele.EstInitialise
21:35:24,966 | 			eConfiguration.MajPID
21:35:24,966 | 			eConfiguration.Modele
21:35:24,966 | 			eModele.SwModele
21:35:24,966 | 			eConfiguration.Nom
21:35:24,966 | 			eConfiguration.SwConfiguration
21:35:24,966 | 			eConfiguration.Modele
21:35:24,966 | 			eModele.SwModele
21:35:24,966 | 				-> PID Erreur : 0
21:35:24,966 | 				-> 1
21:35:24,966 | 			eConfiguration.Nom
21:35:24,966 | 			eConfiguration.SwConfiguration
21:35:24,966 | 			eConfiguration.Modele
21:35:24,966 | 			eModele.SwModele
21:35:24,966 | 				-> PID Erreur : 0
21:35:24,966 | 			eConfiguration.Est
21:35:24,966 | 			eConfiguration.TypeConfig
21:35:24,966 | 			eConfiguration.SwConfiguration
21:35:24,966 | 			eConfiguration.Modele
21:35:24,966 | 			eModele.SwModele
21:35:24,966 | 				-> PID Erreur : 0
21:35:24,966 | 			eConfiguration.SwConfiguration
21:35:24,966 | 			eConfiguration.Modele
21:35:24,966 | 			eModele.SwModele
21:35:24,966 | 				-> PID Erreur : 0
21:35:24,966 | 			eGestDeConfigurations.ConfigurationAvecLeNom
21:35:24,966 | 			eModele.SwModele
21:35:24,966 | 			eConfiguration.Init
21:35:24,966 | 			eModele.EstInitialise
21:35:24,966 | 			eConfiguration.MajPID
21:35:24,966 | 			eConfiguration.Modele
21:35:24,966 | 			eModele.SwModele
21:35:24,966 | 			eConfiguration.Nom
21:35:24,966 | 			eConfiguration.SwConfiguration
21:35:24,966 | 			eConfiguration.Modele
21:35:24,966 | 			eModele.SwModele
21:35:24,966 | 				-> PID Erreur : 2
21:35:24,966 | 				-> 1SM-FLAT-PATTERN3
21:35:24,966 | 			eConfiguration.ConfigurationParent
21:35:24,966 | 			eConfiguration.SwConfiguration
21:35:24,966 | 			eConfiguration.Modele
21:35:24,966 | 			eModele.SwModele
21:35:24,966 | 				-> PID Erreur : 0
21:35:24,966 | 			eConfiguration.SwConfiguration
21:35:24,966 | 			eConfiguration.Modele
21:35:24,966 | 			eModele.SwModele
21:35:24,966 | 				-> PID Erreur : 0
21:35:24,966 | 			eConfiguration.Init
21:35:24,966 | 			eModele.EstInitialise
21:35:24,966 | 			eConfiguration.MajPID
21:35:24,966 | 			eConfiguration.Modele
21:35:24,966 | 			eModele.SwModele
21:35:24,966 | 			eConfiguration.Nom
21:35:24,966 | 			eConfiguration.SwConfiguration
21:35:24,966 | 			eConfiguration.Modele
21:35:24,966 | 			eModele.SwModele
21:35:24,966 | 				-> PID Erreur : 0
21:35:24,966 | 				-> 1
21:35:24,966 | 			eConfiguration.Nom
21:35:24,966 | 			eConfiguration.SwConfiguration
21:35:24,966 | 			eConfiguration.Modele
21:35:24,966 | 			eModele.SwModele
21:35:24,966 | 				-> PID Erreur : 0
21:35:24,967 | 			eConfiguration.Est
21:35:24,967 | 			eConfiguration.TypeConfig
21:35:24,967 | 			eConfiguration.SwConfiguration
21:35:24,967 | 			eConfiguration.Modele
21:35:24,967 | 			eModele.SwModele
21:35:24,967 | 				-> PID Erreur : 0
21:35:24,967 | 			eConfiguration.SwConfiguration
21:35:24,967 | 			eConfiguration.Modele
21:35:24,967 | 			eModele.SwModele
21:35:24,967 | 				-> PID Erreur : 0
21:35:24,967 | 			eGestDeConfigurations.ConfigurationAvecLeNom
21:35:24,967 | 			eModele.SwModele
21:35:24,967 | 			eConfiguration.Init
21:35:24,967 | 			eModele.EstInitialise
21:35:24,967 | 			eConfiguration.MajPID
21:35:24,967 | 			eConfiguration.Modele
21:35:24,967 | 			eModele.SwModele
21:35:24,967 | 			eConfiguration.Nom
21:35:24,967 | 			eConfiguration.SwConfiguration
21:35:24,967 | 			eConfiguration.Modele
21:35:24,967 | 			eModele.SwModele
21:35:24,967 | 				-> PID Erreur : 2
21:35:24,967 | 				-> 1SM-FLAT-PATTERN4
21:35:24,967 | 			eConfiguration.ConfigurationParent
21:35:24,967 | 			eConfiguration.SwConfiguration
21:35:24,967 | 			eConfiguration.Modele
21:35:24,967 | 			eModele.SwModele
21:35:24,967 | 				-> PID Erreur : 0
21:35:24,967 | 			eConfiguration.SwConfiguration
21:35:24,967 | 			eConfiguration.Modele
21:35:24,967 | 			eModele.SwModele
21:35:24,967 | 				-> PID Erreur : 0
21:35:24,967 | 			eConfiguration.Init
21:35:24,967 | 			eModele.EstInitialise
21:35:24,967 | 			eConfiguration.MajPID
21:35:24,967 | 			eConfiguration.Modele
21:35:24,967 | 			eModele.SwModele
21:35:24,967 | 			eConfiguration.Nom
21:35:24,967 | 			eConfiguration.SwConfiguration
21:35:24,967 | 			eConfiguration.Modele
21:35:24,967 | 			eModele.SwModele
21:35:24,967 | 				-> PID Erreur : 0
21:35:24,967 | 				-> 1
21:35:24,967 | 			eConfiguration.Nom
21:35:24,967 | 			eConfiguration.SwConfiguration
21:35:24,967 | 			eConfiguration.Modele
21:35:24,967 | 			eModele.SwModele
21:35:24,967 | 				-> PID Erreur : 0
21:35:24,967 | 			eConfiguration.Est
21:35:24,967 | 			eConfiguration.TypeConfig
21:35:24,967 | 			eConfiguration.SwConfiguration
21:35:24,967 | 			eConfiguration.Modele
21:35:24,967 | 			eModele.SwModele
21:35:24,967 | 				-> PID Erreur : 0
21:35:24,967 | 			eConfiguration.SwConfiguration
21:35:24,967 | 			eConfiguration.Modele
21:35:24,967 | 			eModele.SwModele
21:35:24,967 | 				-> PID Erreur : 0
21:35:24,967 | 			eGestDeConfigurations.ConfigurationAvecLeNom
21:35:24,967 | 			eModele.SwModele
21:35:24,967 | 			eConfiguration.Init
21:35:24,967 | 			eModele.EstInitialise
21:35:24,967 | 			eConfiguration.MajPID
21:35:24,967 | 			eConfiguration.Modele
21:35:24,967 | 			eModele.SwModele
21:35:24,967 | 			eConfiguration.Nom
21:35:24,967 | 			eConfiguration.SwConfiguration
21:35:24,967 | 			eConfiguration.Modele
21:35:24,967 | 			eModele.SwModele
21:35:24,967 | 				-> PID Erreur : 2
21:35:24,967 | 				-> 1SM-FLAT-PATTERN5
21:35:24,967 | 			eConfiguration.ConfigurationParent
21:35:24,967 | 			eConfiguration.SwConfiguration
21:35:24,967 | 			eConfiguration.Modele
21:35:24,967 | 			eModele.SwModele
21:35:24,967 | 				-> PID Erreur : 0
21:35:24,967 | 			eConfiguration.SwConfiguration
21:35:24,967 | 			eConfiguration.Modele
21:35:24,967 | 			eModele.SwModele
21:35:24,967 | 				-> PID Erreur : 0
21:35:24,968 | 			eConfiguration.Init
21:35:24,968 | 			eModele.EstInitialise
21:35:24,968 | 			eConfiguration.MajPID
21:35:24,968 | 			eConfiguration.Modele
21:35:24,968 | 			eModele.SwModele
21:35:24,968 | 			eConfiguration.Nom
21:35:24,968 | 			eConfiguration.SwConfiguration
21:35:24,968 | 			eConfiguration.Modele
21:35:24,968 | 			eModele.SwModele
21:35:24,968 | 				-> PID Erreur : 0
21:35:24,968 | 				-> 1
21:35:24,968 | 			eConfiguration.Nom
21:35:24,968 | 			eConfiguration.SwConfiguration
21:35:24,968 | 			eConfiguration.Modele
21:35:24,968 | 			eModele.SwModele
21:35:24,968 | 				-> PID Erreur : 0
21:35:24,968 | 			eConfiguration.Est
21:35:24,968 | 			eConfiguration.TypeConfig
21:35:24,968 | 			eConfiguration.SwConfiguration
21:35:24,968 | 			eConfiguration.Modele
21:35:24,968 | 			eModele.SwModele
21:35:24,968 | 				-> PID Erreur : 0
21:35:24,968 | 			eConfiguration.SwConfiguration
21:35:24,968 | 			eConfiguration.Modele
21:35:24,968 | 			eModele.SwModele
21:35:24,968 | 				-> PID Erreur : 0
21:35:24,968 | 			eGestDeConfigurations.ConfigurationAvecLeNom
21:35:24,968 | 			eModele.SwModele
21:35:24,968 | 			eConfiguration.Init
21:35:24,968 | 			eModele.EstInitialise
21:35:24,968 | 			eConfiguration.MajPID
21:35:24,968 | 			eConfiguration.Modele
21:35:24,968 | 			eModele.SwModele
21:35:24,968 | 			eConfiguration.Nom
21:35:24,968 | 			eConfiguration.SwConfiguration
21:35:24,968 | 			eConfiguration.Modele
21:35:24,968 | 			eModele.SwModele
21:35:24,968 | 				-> PID Erreur : 2
21:35:24,968 | 				-> 1SM-FLAT-PATTERN7
21:35:24,968 | 			eConfiguration.ConfigurationParent
21:35:24,968 | 			eConfiguration.SwConfiguration
21:35:24,968 | 			eConfiguration.Modele
21:35:24,968 | 			eModele.SwModele
21:35:24,968 | 				-> PID Erreur : 0
21:35:24,968 | 			eConfiguration.SwConfiguration
21:35:24,968 | 			eConfiguration.Modele
21:35:24,968 | 			eModele.SwModele
21:35:24,968 | 				-> PID Erreur : 0
21:35:24,968 | 			eConfiguration.Init
21:35:24,968 | 			eModele.EstInitialise
21:35:24,968 | 			eConfiguration.MajPID
21:35:24,968 | 			eConfiguration.Modele
21:35:24,968 | 			eModele.SwModele
21:35:24,968 | 			eConfiguration.Nom
21:35:24,968 | 			eConfiguration.SwConfiguration
21:35:24,968 | 			eConfiguration.Modele
21:35:24,968 | 			eModele.SwModele
21:35:24,968 | 				-> PID Erreur : 0
21:35:24,968 | 				-> 1
21:35:24,968 | 			eConfiguration.Nom
21:35:24,968 | 			eConfiguration.SwConfiguration
21:35:24,968 | 			eConfiguration.Modele
21:35:24,968 | 			eModele.SwModele
21:35:24,968 | 				-> PID Erreur : 0
21:35:24,968 | 			eConfiguration.Est
21:35:24,968 | 			eConfiguration.TypeConfig
21:35:24,968 | 			eConfiguration.SwConfiguration
21:35:24,968 | 			eConfiguration.Modele
21:35:24,968 | 			eModele.SwModele
21:35:24,968 | 				-> PID Erreur : 0
21:35:24,968 | 			eConfiguration.SwConfiguration
21:35:24,968 | 			eConfiguration.Modele
21:35:24,968 | 			eModele.SwModele
21:35:24,968 | 				-> PID Erreur : 0
21:35:24,968 | 			eGestDeConfigurations.ConfigurationAvecLeNom
21:35:24,968 | 			eModele.SwModele
21:35:24,968 | 			eConfiguration.Init
21:35:24,968 | 			eModele.EstInitialise
21:35:24,968 | 			eConfiguration.MajPID
21:35:24,968 | 			eConfiguration.Modele
21:35:24,968 | 			eModele.SwModele
21:35:24,969 | 			eConfiguration.Nom
21:35:24,969 | 			eConfiguration.SwConfiguration
21:35:24,969 | 			eConfiguration.Modele
21:35:24,969 | 			eModele.SwModele
21:35:24,969 | 				-> PID Erreur : 2
21:35:24,969 | 				-> 1SM-FLAT-PATTERN8
21:35:24,969 | 			eConfiguration.ConfigurationParent
21:35:24,969 | 			eConfiguration.SwConfiguration
21:35:24,969 | 			eConfiguration.Modele
21:35:24,969 | 			eModele.SwModele
21:35:24,969 | 				-> PID Erreur : 0
21:35:24,969 | 			eConfiguration.SwConfiguration
21:35:24,969 | 			eConfiguration.Modele
21:35:24,969 | 			eModele.SwModele
21:35:24,969 | 				-> PID Erreur : 0
21:35:24,969 | 			eConfiguration.Init
21:35:24,969 | 			eModele.EstInitialise
21:35:24,969 | 			eConfiguration.MajPID
21:35:24,969 | 			eConfiguration.Modele
21:35:24,969 | 			eModele.SwModele
21:35:24,969 | 			eConfiguration.Nom
21:35:24,969 | 			eConfiguration.SwConfiguration
21:35:24,969 | 			eConfiguration.Modele
21:35:24,969 | 			eModele.SwModele
21:35:24,969 | 				-> PID Erreur : 0
21:35:24,969 | 				-> 1
21:35:24,969 | 			eConfiguration.Nom
21:35:24,969 | 			eConfiguration.SwConfiguration
21:35:24,969 | 			eConfiguration.Modele
21:35:24,969 | 			eModele.SwModele
21:35:24,969 | 				-> PID Erreur : 0
21:35:24,969 | 			eConfiguration.Est
21:35:24,969 | 			eConfiguration.TypeConfig
21:35:24,969 | 			eConfiguration.SwConfiguration
21:35:24,969 | 			eConfiguration.Modele
21:35:24,969 | 			eModele.SwModele
21:35:24,969 | 				-> PID Erreur : 0
21:35:24,969 | 			eConfiguration.SwConfiguration
21:35:24,969 | 			eConfiguration.Modele
21:35:24,969 | 			eModele.SwModele
21:35:24,969 | 				-> PID Erreur : 0
21:35:24,969 | 			eGestDeConfigurations.ConfigurationAvecLeNom
21:35:24,969 | 			eModele.SwModele
21:35:24,969 | 			eConfiguration.Init
21:35:24,969 | 			eModele.EstInitialise
21:35:24,969 | 			eConfiguration.MajPID
21:35:24,969 | 			eConfiguration.Modele
21:35:24,969 | 			eModele.SwModele
21:35:24,969 | 			eConfiguration.Nom
21:35:24,969 | 			eConfiguration.SwConfiguration
21:35:24,969 | 			eConfiguration.Modele
21:35:24,969 | 			eModele.SwModele
21:35:24,969 | 				-> PID Erreur : 2
21:35:24,969 | 				-> 1SM-FLAT-PATTERN11
21:35:24,969 | 			eConfiguration.ConfigurationParent
21:35:24,969 | 			eConfiguration.SwConfiguration
21:35:24,969 | 			eConfiguration.Modele
21:35:24,969 | 			eModele.SwModele
21:35:24,969 | 				-> PID Erreur : 0
21:35:24,969 | 			eConfiguration.SwConfiguration
21:35:24,969 | 			eConfiguration.Modele
21:35:24,969 | 			eModele.SwModele
21:35:24,969 | 				-> PID Erreur : 0
21:35:24,969 | 			eConfiguration.Init
21:35:24,969 | 			eModele.EstInitialise
21:35:24,969 | 			eConfiguration.MajPID
21:35:24,969 | 			eConfiguration.Modele
21:35:24,969 | 			eModele.SwModele
21:35:24,969 | 			eConfiguration.Nom
21:35:24,969 | 			eConfiguration.SwConfiguration
21:35:24,969 | 			eConfiguration.Modele
21:35:24,969 | 			eModele.SwModele
21:35:24,969 | 				-> PID Erreur : 0
21:35:24,969 | 				-> 1
21:35:24,969 | 			eConfiguration.Nom
21:35:24,969 | 			eConfiguration.SwConfiguration
21:35:24,969 | 			eConfiguration.Modele
21:35:24,969 | 			eModele.SwModele
21:35:24,969 | 				-> PID Erreur : 0
21:35:24,969 | 			eConfiguration.Est
21:35:24,969 | 			eConfiguration.TypeConfig
21:35:24,969 | 			eConfiguration.SwConfiguration
21:35:24,969 | 			eConfiguration.Modele
21:35:24,969 | 			eModele.SwModele
21:35:24,969 | 				-> PID Erreur : 0
21:35:24,969 | 			eConfiguration.SwConfiguration
21:35:24,970 | 			eConfiguration.Modele
21:35:24,970 | 			eModele.SwModele
21:35:24,970 | 				-> PID Erreur : 0
21:35:24,970 | 			eGestDeConfigurations.ConfigurationAvecLeNom
21:35:24,970 | 			eModele.SwModele
21:35:24,970 | 			eConfiguration.Init
21:35:24,970 | 			eModele.EstInitialise
21:35:24,970 | 			eConfiguration.MajPID
21:35:24,970 | 			eConfiguration.Modele
21:35:24,970 | 			eModele.SwModele
21:35:24,970 | 			eConfiguration.Nom
21:35:24,970 | 			eConfiguration.SwConfiguration
21:35:24,970 | 			eConfiguration.Modele
21:35:24,970 | 			eModele.SwModele
21:35:24,970 | 				-> PID Erreur : 2
21:35:24,970 | 				-> 1SM-FLAT-PATTERN12
21:35:24,970 | 			eConfiguration.ConfigurationParent
21:35:24,970 | 			eConfiguration.SwConfiguration
21:35:24,970 | 			eConfiguration.Modele
21:35:24,970 | 			eModele.SwModele
21:35:24,970 | 				-> PID Erreur : 0
21:35:24,970 | 			eConfiguration.SwConfiguration
21:35:24,970 | 			eConfiguration.Modele
21:35:24,970 | 			eModele.SwModele
21:35:24,970 | 				-> PID Erreur : 0
21:35:24,970 | 			eConfiguration.Init
21:35:24,970 | 			eModele.EstInitialise
21:35:24,970 | 			eConfiguration.MajPID
21:35:24,970 | 			eConfiguration.Modele
21:35:24,970 | 			eModele.SwModele
21:35:24,970 | 			eConfiguration.Nom
21:35:24,970 | 			eConfiguration.SwConfiguration
21:35:24,970 | 			eConfiguration.Modele
21:35:24,970 | 			eModele.SwModele
21:35:24,970 | 				-> PID Erreur : 0
21:35:24,970 | 				-> 1
21:35:24,970 | 			eConfiguration.Nom
21:35:24,970 | 			eConfiguration.SwConfiguration
21:35:24,970 | 			eConfiguration.Modele
21:35:24,970 | 			eModele.SwModele
21:35:24,970 | 				-> PID Erreur : 0
21:35:24,970 | 			eConfiguration.Est
21:35:24,970 | 			eConfiguration.TypeConfig
21:35:24,970 | 			eConfiguration.SwConfiguration
21:35:24,970 | 			eConfiguration.Modele
21:35:24,970 | 			eModele.SwModele
21:35:24,970 | 				-> PID Erreur : 0
21:35:24,970 | 			eConfiguration.SwConfiguration
21:35:24,970 | 			eConfiguration.Modele
21:35:24,970 | 			eModele.SwModele
21:35:24,970 | 				-> PID Erreur : 0
21:35:24,970 | 			eGestDeConfigurations.ConfigurationAvecLeNom
21:35:24,970 | 			eModele.SwModele
21:35:24,970 | 			eConfiguration.Init
21:35:24,970 | 			eModele.EstInitialise
21:35:24,970 | 			eConfiguration.MajPID
21:35:24,970 | 			eConfiguration.Modele
21:35:24,970 | 			eModele.SwModele
21:35:24,970 | 			eConfiguration.Nom
21:35:24,970 | 			eConfiguration.SwConfiguration
21:35:24,970 | 			eConfiguration.Modele
21:35:24,970 | 			eModele.SwModele
21:35:24,970 | 				-> PID Erreur : 2
21:35:24,970 | 				-> 1SM-FLAT-PATTERN13
21:35:24,970 | 			eConfiguration.ConfigurationParent
21:35:24,970 | 			eConfiguration.SwConfiguration
21:35:24,970 | 			eConfiguration.Modele
21:35:24,970 | 			eModele.SwModele
21:35:24,970 | 				-> PID Erreur : 0
21:35:24,970 | 			eConfiguration.SwConfiguration
21:35:24,970 | 			eConfiguration.Modele
21:35:24,970 | 			eModele.SwModele
21:35:24,970 | 				-> PID Erreur : 0
21:35:24,970 | 			eConfiguration.Init
21:35:24,970 | 			eModele.EstInitialise
21:35:24,970 | 			eConfiguration.MajPID
21:35:24,970 | 			eConfiguration.Modele
21:35:24,970 | 			eModele.SwModele
21:35:24,970 | 			eConfiguration.Nom
21:35:24,971 | 			eConfiguration.SwConfiguration
21:35:24,971 | 			eConfiguration.Modele
21:35:24,971 | 			eModele.SwModele
21:35:24,971 | 				-> PID Erreur : 0
21:35:24,971 | 				-> 1
21:35:24,971 | 			eConfiguration.Nom
21:35:24,971 | 			eConfiguration.SwConfiguration
21:35:24,971 | 			eConfiguration.Modele
21:35:24,971 | 			eModele.SwModele
21:35:24,971 | 				-> PID Erreur : 0
21:35:24,971 | 			eConfiguration.Est
21:35:24,971 | 			eConfiguration.TypeConfig
21:35:24,971 | 			eConfiguration.SwConfiguration
21:35:24,971 | 			eConfiguration.Modele
21:35:24,971 | 			eModele.SwModele
21:35:24,971 | 				-> PID Erreur : 0
21:35:24,971 | 			eConfiguration.SwConfiguration
21:35:24,971 | 			eConfiguration.Modele
21:35:24,971 | 			eModele.SwModele
21:35:24,971 | 				-> PID Erreur : 0
21:35:24,971 | 			eGestDeConfigurations.ConfigurationAvecLeNom
21:35:24,971 | 			eModele.SwModele
21:35:24,971 | 			eConfiguration.Init
21:35:24,971 | 			eModele.EstInitialise
21:35:24,971 | 			eConfiguration.MajPID
21:35:24,971 | 			eConfiguration.Modele
21:35:24,971 | 			eModele.SwModele
21:35:24,971 | 			eConfiguration.Nom
21:35:24,971 | 			eConfiguration.SwConfiguration
21:35:24,971 | 			eConfiguration.Modele
21:35:24,971 | 			eModele.SwModele
21:35:24,971 | 				-> PID Erreur : 2
21:35:24,971 | 				-> 1SM-FLAT-PATTERN14
21:35:24,971 | 			eConfiguration.ConfigurationParent
21:35:24,971 | 			eConfiguration.SwConfiguration
21:35:24,971 | 			eConfiguration.Modele
21:35:24,971 | 			eModele.SwModele
21:35:24,971 | 				-> PID Erreur : 0
21:35:24,971 | 			eConfiguration.SwConfiguration
21:35:24,971 | 			eConfiguration.Modele
21:35:24,971 | 			eModele.SwModele
21:35:24,971 | 				-> PID Erreur : 0
21:35:24,971 | 			eConfiguration.Init
21:35:24,971 | 			eModele.EstInitialise
21:35:24,971 | 			eConfiguration.MajPID
21:35:24,971 | 			eConfiguration.Modele
21:35:24,971 | 			eModele.SwModele
21:35:24,971 | 			eConfiguration.Nom
21:35:24,971 | 			eConfiguration.SwConfiguration
21:35:24,971 | 			eConfiguration.Modele
21:35:24,971 | 			eModele.SwModele
21:35:24,971 | 				-> PID Erreur : 0
21:35:24,971 | 				-> 1
21:35:24,971 | 			eConfiguration.Nom
21:35:24,971 | 			eConfiguration.SwConfiguration
21:35:24,971 | 			eConfiguration.Modele
21:35:24,971 | 			eModele.SwModele
21:35:24,971 | 				-> PID Erreur : 0
21:35:24,971 | 			eConfiguration.Est
21:35:24,971 | 			eConfiguration.TypeConfig
21:35:24,971 | 			eConfiguration.SwConfiguration
21:35:24,971 | 			eConfiguration.Modele
21:35:24,972 | 			eModele.SwModele
21:35:24,972 | 				-> PID Erreur : 0
21:35:24,972 | 			eConfiguration.SwConfiguration
21:35:24,972 | 			eConfiguration.Modele
21:35:24,972 | 			eModele.SwModele
21:35:24,972 | 				-> PID Erreur : 0
21:35:24,972 | 			eGestDeConfigurations.ConfigurationAvecLeNom
21:35:24,972 | 			eModele.SwModele
21:35:24,972 | 			eConfiguration.Init
21:35:24,972 | 			eModele.EstInitialise
21:35:24,972 | 			eConfiguration.MajPID
21:35:24,972 | 			eConfiguration.Modele
21:35:24,972 | 			eModele.SwModele
21:35:24,972 | 			eConfiguration.Nom
21:35:24,972 | 			eConfiguration.SwConfiguration
21:35:24,972 | 			eConfiguration.Modele
21:35:24,972 | 			eModele.SwModele
21:35:24,972 | 				-> PID Erreur : 2
21:35:24,972 | 				-> 1SM-FLAT-PATTERN15
21:35:24,972 | 			eConfiguration.ConfigurationParent
21:35:24,972 | 			eConfiguration.SwConfiguration
21:35:24,972 | 			eConfiguration.Modele
21:35:24,972 | 			eModele.SwModele
21:35:24,972 | 				-> PID Erreur : 0
21:35:24,972 | 			eConfiguration.SwConfiguration
21:35:24,972 | 			eConfiguration.Modele
21:35:24,972 | 			eModele.SwModele
21:35:24,972 | 				-> PID Erreur : 0
21:35:24,972 | 			eConfiguration.Init
21:35:24,972 | 			eModele.EstInitialise
21:35:24,972 | 			eConfiguration.MajPID
21:35:24,972 | 			eConfiguration.Modele
21:35:24,972 | 			eModele.SwModele
21:35:24,972 | 			eConfiguration.Nom
21:35:24,972 | 			eConfiguration.SwConfiguration
21:35:24,972 | 			eConfiguration.Modele
21:35:24,972 | 			eModele.SwModele
21:35:24,972 | 				-> PID Erreur : 0
21:35:24,972 | 				-> 1
21:35:24,972 | 			eConfiguration.Nom
21:35:24,972 | 			eConfiguration.SwConfiguration
21:35:24,972 | 			eConfiguration.Modele
21:35:24,972 | 			eModele.SwModele
21:35:24,972 | 				-> PID Erreur : 0
21:35:24,972 | 			eConfiguration.Est
21:35:24,972 | 			eConfiguration.TypeConfig
21:35:24,972 | 			eConfiguration.SwConfiguration
21:35:24,972 | 			eConfiguration.Modele
21:35:24,972 | 			eModele.SwModele
21:35:24,972 | 				-> PID Erreur : 0
21:35:24,972 | 			eConfiguration.SwConfiguration
21:35:24,972 | 			eConfiguration.Modele
21:35:24,972 | 			eModele.SwModele
21:35:24,972 | 				-> PID Erreur : 0
21:35:24,973 | 			eConfiguration.Supprimer
21:35:24,973 | 			eConfiguration.Modele
21:35:24,973 | 			eModele.GestDeConfigurations
21:35:24,973 | 			eGestDeConfigurations.Init
21:35:24,973 | 			eModele.EstInitialise
21:35:24,973 | 			eGestDeConfigurations.ConfigurationActive
21:35:24,973 | 			eModele.SwModele
21:35:24,973 | 			eConfiguration.Init
21:35:24,973 | 			eModele.EstInitialise
21:35:24,973 | 			eConfiguration.MajPID
21:35:24,973 | 			eConfiguration.Modele
21:35:24,973 | 			eModele.SwModele
21:35:24,974 | 			eConfiguration.Nom
21:35:24,974 | 			eConfiguration.SwConfiguration
21:35:24,974 | 			eConfiguration.Modele
21:35:24,974 | 			eModele.SwModele
21:35:24,974 | 				-> PID Erreur : 0
21:35:24,974 | 				-> 0
21:35:24,974 | 			eConfiguration.SwConfiguration
21:35:24,974 | 			eConfiguration.Modele
21:35:24,974 | 			eModele.SwModele
21:35:24,974 | 				-> PID Erreur : 0
21:35:24,975 | 			eConfiguration.Modele
21:35:24,975 | 			eModele.SwModele
21:35:24,976 | 			eModele.SwModele
21:35:24,976 | 			eConfiguration.Nom
21:35:24,976 | 			eConfiguration.SwConfiguration
21:35:24,976 | 			eConfiguration.Modele
21:35:24,976 | 			eModele.SwModele
21:35:24,976 | 				-> PID Erreur : 0
21:35:24,978 | 			eConfiguration.Supprimer
21:35:24,978 | 			eConfiguration.Modele
21:35:24,978 | 			eModele.GestDeConfigurations
21:35:24,978 | 			eGestDeConfigurations.Init
21:35:24,978 | 			eModele.EstInitialise
21:35:24,978 | 			eGestDeConfigurations.ConfigurationActive
21:35:24,978 | 			eModele.SwModele
21:35:24,978 | 			eConfiguration.Init
21:35:24,978 | 			eModele.EstInitialise
21:35:24,978 | 			eConfiguration.MajPID
21:35:24,978 | 			eConfiguration.Modele
21:35:24,978 | 			eModele.SwModele
21:35:24,978 | 			eConfiguration.Nom
21:35:24,978 | 			eConfiguration.SwConfiguration
21:35:24,978 | 			eConfiguration.Modele
21:35:24,978 | 			eModele.SwModele
21:35:24,978 | 				-> PID Erreur : 0
21:35:24,979 | 				-> 0
21:35:24,979 | 			eConfiguration.SwConfiguration
21:35:24,979 | 			eConfiguration.Modele
21:35:24,979 | 			eModele.SwModele
21:35:24,979 | 				-> PID Erreur : 0
21:35:24,979 | 			eConfiguration.Modele
21:35:24,979 | 			eModele.SwModele
21:35:24,979 | 			eModele.SwModele
21:35:24,979 | 			eConfiguration.Nom
21:35:24,979 | 			eConfiguration.SwConfiguration
21:35:24,979 | 			eConfiguration.Modele
21:35:24,979 | 			eModele.SwModele
21:35:24,979 | 				-> PID Erreur : 0
21:35:24,981 | 			eConfiguration.Supprimer
21:35:24,981 | 			eConfiguration.Modele
21:35:24,981 | 			eModele.GestDeConfigurations
21:35:24,981 | 			eGestDeConfigurations.Init
21:35:24,981 | 			eModele.EstInitialise
21:35:24,981 | 			eGestDeConfigurations.ConfigurationActive
21:35:24,981 | 			eModele.SwModele
21:35:24,981 | 			eConfiguration.Init
21:35:24,981 | 			eModele.EstInitialise
21:35:24,981 | 			eConfiguration.MajPID
21:35:24,981 | 			eConfiguration.Modele
21:35:24,981 | 			eModele.SwModele
21:35:24,981 | 			eConfiguration.Nom
21:35:24,981 | 			eConfiguration.SwConfiguration
21:35:24,981 | 			eConfiguration.Modele
21:35:24,981 | 			eModele.SwModele
21:35:24,981 | 				-> PID Erreur : 0
21:35:24,981 | 				-> 0
21:35:24,981 | 			eConfiguration.SwConfiguration
21:35:24,981 | 			eConfiguration.Modele
21:35:24,981 | 			eModele.SwModele
21:35:24,981 | 				-> PID Erreur : 0
21:35:24,982 | 			eConfiguration.Modele
21:35:24,982 | 			eModele.SwModele
21:35:24,982 | 			eModele.SwModele
21:35:24,982 | 			eConfiguration.Nom
21:35:24,982 | 			eConfiguration.SwConfiguration
21:35:24,982 | 			eConfiguration.Modele
21:35:24,982 | 			eModele.SwModele
21:35:24,982 | 				-> PID Erreur : 0
21:35:24,984 | 			eConfiguration.Supprimer
21:35:24,984 | 			eConfiguration.Modele
21:35:24,984 | 			eModele.GestDeConfigurations
21:35:24,984 | 			eGestDeConfigurations.Init
21:35:24,984 | 			eModele.EstInitialise
21:35:24,984 | 			eGestDeConfigurations.ConfigurationActive
21:35:24,984 | 			eModele.SwModele
21:35:24,984 | 			eConfiguration.Init
21:35:24,984 | 			eModele.EstInitialise
21:35:24,984 | 			eConfiguration.MajPID
21:35:24,984 | 			eConfiguration.Modele
21:35:24,984 | 			eModele.SwModele
21:35:24,984 | 			eConfiguration.Nom
21:35:24,984 | 			eConfiguration.SwConfiguration
21:35:24,984 | 			eConfiguration.Modele
21:35:24,984 | 			eModele.SwModele
21:35:24,984 | 				-> PID Erreur : 0
21:35:24,984 | 				-> 0
21:35:24,984 | 			eConfiguration.SwConfiguration
21:35:24,984 | 			eConfiguration.Modele
21:35:24,984 | 			eModele.SwModele
21:35:24,984 | 				-> PID Erreur : 0
21:35:24,985 | 			eConfiguration.Modele
21:35:24,985 | 			eModele.SwModele
21:35:24,985 | 			eModele.SwModele
21:35:24,985 | 			eConfiguration.Nom
21:35:24,985 | 			eConfiguration.SwConfiguration
21:35:24,985 | 			eConfiguration.Modele
21:35:24,985 | 			eModele.SwModele
21:35:24,985 | 				-> PID Erreur : 0
21:35:24,987 | 			eConfiguration.Supprimer
21:35:24,987 | 			eConfiguration.Modele
21:35:24,987 | 			eModele.GestDeConfigurations
21:35:24,987 | 			eGestDeConfigurations.Init
21:35:24,987 | 			eModele.EstInitialise
21:35:24,987 | 			eGestDeConfigurations.ConfigurationActive
21:35:24,987 | 			eModele.SwModele
21:35:24,987 | 			eConfiguration.Init
21:35:24,987 | 			eModele.EstInitialise
21:35:24,987 | 			eConfiguration.MajPID
21:35:24,987 | 			eConfiguration.Modele
21:35:24,987 | 			eModele.SwModele
21:35:24,987 | 			eConfiguration.Nom
21:35:24,987 | 			eConfiguration.SwConfiguration
21:35:24,987 | 			eConfiguration.Modele
21:35:24,987 | 			eModele.SwModele
21:35:24,987 | 				-> PID Erreur : 0
21:35:24,987 | 				-> 0
21:35:24,987 | 			eConfiguration.SwConfiguration
21:35:24,987 | 			eConfiguration.Modele
21:35:24,987 | 			eModele.SwModele
21:35:24,987 | 				-> PID Erreur : 0
21:35:24,987 | 			eConfiguration.Modele
21:35:24,987 | 			eModele.SwModele
21:35:24,987 | 			eModele.SwModele
21:35:24,987 | 			eConfiguration.Nom
21:35:24,987 | 			eConfiguration.SwConfiguration
21:35:24,987 | 			eConfiguration.Modele
21:35:24,987 | 			eModele.SwModele
21:35:24,987 | 				-> PID Erreur : 0
21:35:24,990 | 			eConfiguration.Supprimer
21:35:24,990 | 			eConfiguration.Modele
21:35:24,990 | 			eModele.GestDeConfigurations
21:35:24,990 | 			eGestDeConfigurations.Init
21:35:24,990 | 			eModele.EstInitialise
21:35:24,990 | 			eGestDeConfigurations.ConfigurationActive
21:35:24,990 | 			eModele.SwModele
21:35:24,990 | 			eConfiguration.Init
21:35:24,990 | 			eModele.EstInitialise
21:35:24,990 | 			eConfiguration.MajPID
21:35:24,990 | 			eConfiguration.Modele
21:35:24,990 | 			eModele.SwModele
21:35:24,990 | 			eConfiguration.Nom
21:35:24,990 | 			eConfiguration.SwConfiguration
21:35:24,990 | 			eConfiguration.Modele
21:35:24,990 | 			eModele.SwModele
21:35:24,990 | 				-> PID Erreur : 0
21:35:24,990 | 				-> 0
21:35:24,990 | 			eConfiguration.SwConfiguration
21:35:24,990 | 			eConfiguration.Modele
21:35:24,990 | 			eModele.SwModele
21:35:24,990 | 				-> PID Erreur : 0
21:35:24,990 | 			eConfiguration.Modele
21:35:24,990 | 			eModele.SwModele
21:35:24,990 | 			eModele.SwModele
21:35:24,990 | 			eConfiguration.Nom
21:35:24,990 | 			eConfiguration.SwConfiguration
21:35:24,990 | 			eConfiguration.Modele
21:35:24,990 | 			eModele.SwModele
21:35:24,990 | 				-> PID Erreur : 0
21:35:24,992 | 			eConfiguration.Supprimer
21:35:24,992 | 			eConfiguration.Modele
21:35:24,992 | 			eModele.GestDeConfigurations
21:35:24,992 | 			eGestDeConfigurations.Init
21:35:24,992 | 			eModele.EstInitialise
21:35:24,992 | 			eGestDeConfigurations.ConfigurationActive
21:35:24,992 | 			eModele.SwModele
21:35:24,992 | 			eConfiguration.Init
21:35:24,992 | 			eModele.EstInitialise
21:35:24,992 | 			eConfiguration.MajPID
21:35:24,992 | 			eConfiguration.Modele
21:35:24,992 | 			eModele.SwModele
21:35:24,992 | 			eConfiguration.Nom
21:35:24,992 | 			eConfiguration.SwConfiguration
21:35:24,992 | 			eConfiguration.Modele
21:35:24,992 | 			eModele.SwModele
21:35:24,992 | 				-> PID Erreur : 0
21:35:24,992 | 				-> 0
21:35:24,992 | 			eConfiguration.SwConfiguration
21:35:24,992 | 			eConfiguration.Modele
21:35:24,992 | 			eModele.SwModele
21:35:24,992 | 				-> PID Erreur : 0
21:35:24,993 | 			eConfiguration.Modele
21:35:24,993 | 			eModele.SwModele
21:35:24,993 | 			eModele.SwModele
21:35:24,993 | 			eConfiguration.Nom
21:35:24,993 | 			eConfiguration.SwConfiguration
21:35:24,993 | 			eConfiguration.Modele
21:35:24,993 | 			eModele.SwModele
21:35:24,993 | 				-> PID Erreur : 0
21:35:24,995 | 			eConfiguration.Supprimer
21:35:24,995 | 			eConfiguration.Modele
21:35:24,995 | 			eModele.GestDeConfigurations
21:35:24,995 | 			eGestDeConfigurations.Init
21:35:24,995 | 			eModele.EstInitialise
21:35:24,995 | 			eGestDeConfigurations.ConfigurationActive
21:35:24,995 | 			eModele.SwModele
21:35:24,995 | 			eConfiguration.Init
21:35:24,995 | 			eModele.EstInitialise
21:35:24,995 | 			eConfiguration.MajPID
21:35:24,995 | 			eConfiguration.Modele
21:35:24,995 | 			eModele.SwModele
21:35:24,995 | 			eConfiguration.Nom
21:35:24,995 | 			eConfiguration.SwConfiguration
21:35:24,995 | 			eConfiguration.Modele
21:35:24,995 | 			eModele.SwModele
21:35:24,995 | 				-> PID Erreur : 0
21:35:24,995 | 				-> 0
21:35:24,995 | 			eConfiguration.SwConfiguration
21:35:24,995 | 			eConfiguration.Modele
21:35:24,995 | 			eModele.SwModele
21:35:24,995 | 				-> PID Erreur : 0
21:35:24,995 | 			eConfiguration.Modele
21:35:24,995 | 			eModele.SwModele
21:35:24,995 | 			eModele.SwModele
21:35:24,995 | 			eConfiguration.Nom
21:35:24,995 | 			eConfiguration.SwConfiguration
21:35:24,995 | 			eConfiguration.Modele
21:35:24,995 | 			eModele.SwModele
21:35:24,995 | 				-> PID Erreur : 0
21:35:24,997 | 			eConfiguration.Supprimer
21:35:24,997 | 			eConfiguration.Modele
21:35:24,997 | 			eModele.GestDeConfigurations
21:35:24,997 | 			eGestDeConfigurations.Init
21:35:24,997 | 			eModele.EstInitialise
21:35:24,997 | 			eGestDeConfigurations.ConfigurationActive
21:35:24,997 | 			eModele.SwModele
21:35:24,997 | 			eConfiguration.Init
21:35:24,997 | 			eModele.EstInitialise
21:35:24,997 | 			eConfiguration.MajPID
21:35:24,997 | 			eConfiguration.Modele
21:35:24,997 | 			eModele.SwModele
21:35:24,997 | 			eConfiguration.Nom
21:35:24,997 | 			eConfiguration.SwConfiguration
21:35:24,997 | 			eConfiguration.Modele
21:35:24,997 | 			eModele.SwModele
21:35:24,997 | 				-> PID Erreur : 0
21:35:24,997 | 				-> 0
21:35:24,997 | 			eConfiguration.SwConfiguration
21:35:24,997 | 			eConfiguration.Modele
21:35:24,997 | 			eModele.SwModele
21:35:24,997 | 				-> PID Erreur : 0
21:35:24,998 | 			eConfiguration.Modele
21:35:24,998 | 			eModele.SwModele
21:35:24,998 | 			eModele.SwModele
21:35:24,998 | 			eConfiguration.Nom
21:35:24,998 | 			eConfiguration.SwConfiguration
21:35:24,998 | 			eConfiguration.Modele
21:35:24,998 | 			eModele.SwModele
21:35:24,998 | 				-> PID Erreur : 0
21:35:25,000 | 			eConfiguration.Supprimer
21:35:25,000 | 			eConfiguration.Modele
21:35:25,000 | 			eModele.GestDeConfigurations
21:35:25,000 | 			eGestDeConfigurations.Init
21:35:25,000 | 			eModele.EstInitialise
21:35:25,000 | 			eGestDeConfigurations.ConfigurationActive
21:35:25,000 | 			eModele.SwModele
21:35:25,000 | 			eConfiguration.Init
21:35:25,000 | 			eModele.EstInitialise
21:35:25,000 | 			eConfiguration.MajPID
21:35:25,000 | 			eConfiguration.Modele
21:35:25,000 | 			eModele.SwModele
21:35:25,000 | 			eConfiguration.Nom
21:35:25,000 | 			eConfiguration.SwConfiguration
21:35:25,000 | 			eConfiguration.Modele
21:35:25,000 | 			eModele.SwModele
21:35:25,000 | 				-> PID Erreur : 0
21:35:25,000 | 				-> 0
21:35:25,000 | 			eConfiguration.SwConfiguration
21:35:25,000 | 			eConfiguration.Modele
21:35:25,000 | 			eModele.SwModele
21:35:25,000 | 				-> PID Erreur : 0
21:35:25,000 | 			eConfiguration.Modele
21:35:25,000 | 			eModele.SwModele
21:35:25,000 | 			eModele.SwModele
21:35:25,000 | 			eConfiguration.Nom
21:35:25,000 | 			eConfiguration.SwConfiguration
21:35:25,000 | 			eConfiguration.Modele
21:35:25,000 | 			eModele.SwModele
21:35:25,000 | 				-> PID Erreur : 0
21:35:25,002 | 			eConfiguration.Supprimer
21:35:25,002 | 			eConfiguration.Modele
21:35:25,002 | 			eModele.GestDeConfigurations
21:35:25,002 | 			eGestDeConfigurations.Init
21:35:25,002 | 			eModele.EstInitialise
21:35:25,002 | 			eGestDeConfigurations.ConfigurationActive
21:35:25,002 | 			eModele.SwModele
21:35:25,002 | 			eConfiguration.Init
21:35:25,002 | 			eModele.EstInitialise
21:35:25,002 | 			eConfiguration.MajPID
21:35:25,002 | 			eConfiguration.Modele
21:35:25,002 | 			eModele.SwModele
21:35:25,002 | 			eConfiguration.Nom
21:35:25,002 | 			eConfiguration.SwConfiguration
21:35:25,002 | 			eConfiguration.Modele
21:35:25,002 | 			eModele.SwModele
21:35:25,002 | 				-> PID Erreur : 0
21:35:25,002 | 				-> 0
21:35:25,002 | 			eConfiguration.SwConfiguration
21:35:25,002 | 			eConfiguration.Modele
21:35:25,002 | 			eModele.SwModele
21:35:25,002 | 				-> PID Erreur : 0
21:35:25,003 | 			eConfiguration.Modele
21:35:25,003 | 			eModele.SwModele
21:35:25,003 | 			eModele.SwModele
21:35:25,003 | 			eConfiguration.Nom
21:35:25,003 | 			eConfiguration.SwConfiguration
21:35:25,003 | 			eConfiguration.Modele
21:35:25,003 | 			eModele.SwModele
21:35:25,003 | 				-> PID Erreur : 0
21:35:25,005 | 			eConfiguration.Supprimer
21:35:25,005 | 			eConfiguration.Modele
21:35:25,005 | 			eModele.GestDeConfigurations
21:35:25,005 | 			eGestDeConfigurations.Init
21:35:25,005 | 			eModele.EstInitialise
21:35:25,005 | 			eGestDeConfigurations.ConfigurationActive
21:35:25,005 | 			eModele.SwModele
21:35:25,005 | 			eConfiguration.Init
21:35:25,005 | 			eModele.EstInitialise
21:35:25,005 | 			eConfiguration.MajPID
21:35:25,005 | 			eConfiguration.Modele
21:35:25,005 | 			eModele.SwModele
21:35:25,005 | 			eConfiguration.Nom
21:35:25,005 | 			eConfiguration.SwConfiguration
21:35:25,005 | 			eConfiguration.Modele
21:35:25,005 | 			eModele.SwModele
21:35:25,005 | 				-> PID Erreur : 0
21:35:25,005 | 				-> 0
21:35:25,005 | 			eConfiguration.SwConfiguration
21:35:25,005 | 			eConfiguration.Modele
21:35:25,005 | 			eModele.SwModele
21:35:25,005 | 				-> PID Erreur : 0
21:35:25,005 | 			eConfiguration.Modele
21:35:25,005 | 			eModele.SwModele
21:35:25,005 | 			eModele.SwModele
21:35:25,005 | 			eConfiguration.Nom
21:35:25,005 | 			eConfiguration.SwConfiguration
21:35:25,005 | 			eConfiguration.Modele
21:35:25,005 | 			eModele.SwModele
21:35:25,005 | 				-> PID Erreur : 0
